D:\CODE\RENDER0\RENDER0\DEBUG\RENDER0.PCH
D:\CODE\RENDER0\RENDER0\DEBUG\STDAFX.OBJ
D:\CODE\RENDER0\RENDER0\DEBUG\VC110.PDB
D:\CODE\RENDER0\RENDER0\DEBUG\DEVICE.OBJ
D:\CODE\RENDER0\RENDER0\DEBUG\MATRIX.OBJ
D:\CODE\RENDER0\RENDER0\DEBUG\RENDER.OBJ
D:\CODE\RENDER0\RENDER0\DEBUG\RENDER0.OBJ
D:\CODE\RENDER0\RENDER0\DEBUG\TRANSFORM.OBJ
D:\CODE\RENDER0\RENDER0\DEBUG\VECTOR.OBJ
D:\CODE\RENDER0\RENDER0\DEBUG\VERTEX.OBJ
D:\CODE\RENDER0\DEBUG\RENDER0.ILK
D:\CODE\RENDER0\DEBUG\RENDER0.EXE
D:\CODE\RENDER0\DEBUG\RENDER0.PDB
D:\CODE\RENDER0\RENDER0\DEBUG\RENDER0.RES
D:\code\render0\render0\Debug\Matrix.obj
D:\code\render0\render0\Debug\Render.obj
D:\code\render0\render0\Debug\render0.obj
D:\code\render0\render0\Debug\stdafx.obj
D:\code\render0\render0\Debug\Transform.obj
D:\code\render0\render0\Debug\Vector.obj
D:\code\render0\render0\Debug\Vertex.obj
D:\code\render0\render0\Debug\cl.command.1.tlog
D:\code\render0\render0\Debug\CL.read.1.tlog
D:\code\render0\render0\Debug\CL.write.1.tlog
D:\code\render0\render0\Debug\link-cvtres.read.1.tlog
D:\code\render0\render0\Debug\link-cvtres.write.1.tlog
D:\code\render0\render0\Debug\link-rc.read.1.tlog
D:\code\render0\render0\Debug\link-rc.write.1.tlog
D:\code\render0\render0\Debug\link.3804-cvtres.read.1.tlog
D:\code\render0\render0\Debug\link.3804-cvtres.write.1.tlog
D:\code\render0\render0\Debug\link.3804-rc.read.1.tlog
D:\code\render0\render0\Debug\link.3804-rc.write.1.tlog
D:\code\render0\render0\Debug\link.3804.read.1.tlog
D:\code\render0\render0\Debug\link.3804.write.1.tlog
D:\code\render0\render0\Debug\link.6348-cvtres.read.1.tlog
D:\code\render0\render0\Debug\link.6348-cvtres.write.1.tlog
D:\code\render0\render0\Debug\link.6348-rc.read.1.tlog
D:\code\render0\render0\Debug\link.6348-rc.write.1.tlog
D:\code\render0\render0\Debug\link.6348.read.1.tlog
D:\code\render0\render0\Debug\link.6348.write.1.tlog
D:\code\render0\render0\Debug\link.7512-cvtres.read.1.tlog
D:\code\render0\render0\Debug\link.7512-cvtres.write.1.tlog
D:\code\render0\render0\Debug\link.7512-rc.read.1.tlog
D:\code\render0\render0\Debug\link.7512-rc.write.1.tlog
D:\code\render0\render0\Debug\link.7512.read.1.tlog
D:\code\render0\render0\Debug\link.7512.write.1.tlog
D:\code\render0\render0\Debug\link.8972-cvtres.read.1.tlog
D:\code\render0\render0\Debug\link.8972-cvtres.write.1.tlog
D:\code\render0\render0\Debug\link.8972-rc.read.1.tlog
D:\code\render0\render0\Debug\link.8972-rc.write.1.tlog
D:\code\render0\render0\Debug\link.8972.read.1.tlog
D:\code\render0\render0\Debug\link.8972.write.1.tlog
D:\code\render0\render0\Debug\link.9144-cvtres.read.1.tlog
D:\code\render0\render0\Debug\link.9144-cvtres.write.1.tlog
D:\code\render0\render0\Debug\link.9144-rc.read.1.tlog
D:\code\render0\render0\Debug\link.9144-rc.write.1.tlog
D:\code\render0\render0\Debug\link.9144.read.1.tlog
D:\code\render0\render0\Debug\link.9144.write.1.tlog
D:\code\render0\render0\Debug\link.command.1.tlog
D:\code\render0\render0\Debug\link.read.1.tlog
D:\code\render0\render0\Debug\link.write.1.tlog
D:\code\render0\render0\Debug\rc.command.1.tlog
D:\code\render0\render0\Debug\rc.read.1.tlog
D:\code\render0\render0\Debug\rc.write.1.tlog
D:\code\render0\render0\Debug\render0.res
D:\code\render0\render0\Debug\render0.pch
D:\code\render0\render0\Debug\vc110.idb
D:\code\render0\render0\Debug\vc110.pdb
D:\code\render0\Debug\render0.pdb
D:\code\render0\Debug\render0.exe
D:\code\render0\Debug\render0.ilk
